CRITICAL - 2022-05-11 14:25:57 --> syntax error, unexpected token "=>", expecting ")"
#0 C:\xampp\htdocs\ProjetoPessoal\system\View\View.php(213): CodeIgniter\View\View->CodeIgniter\View\{closure}()
#1 C:\xampp\htdocs\ProjetoPessoal\system\Common.php(1089): CodeIgniter\View\View->render('DashboardFolder...', Array, true)
#2 C:\xampp\htdocs\ProjetoPessoal\app\Controllers\Dashboard.php(31): view('DashboardFolder...', Array)
#3 C:\xampp\htdocs\ProjetoPessoal\system\CodeIgniter.php(825): App\Controllers\Dashboard->CadastroUsuario()
#4 C:\xampp\htdocs\ProjetoPessoal\system\CodeIgniter.php(412): CodeIgniter\CodeIgniter->runController(Object(App\Controllers\Dashboard))
#5 C:\xampp\htdocs\ProjetoPessoal\system\CodeIgniter.php(320): CodeIgniter\CodeIgniter->handleRequest(NULL, Object(Config\Cache), false)
#6 C:\xampp\htdocs\ProjetoPessoal\public\index.php(37): CodeIgniter\CodeIgniter->run()
#7 {main}
CRITICAL - 2022-05-11 14:26:12 --> syntax error, unexpected token "=", expecting ")"
#0 C:\xampp\htdocs\ProjetoPessoal\system\View\View.php(213): CodeIgniter\View\View->CodeIgniter\View\{closure}()
#1 C:\xampp\htdocs\ProjetoPessoal\system\Common.php(1089): CodeIgniter\View\View->render('DashboardFolder...', Array, true)
#2 C:\xampp\htdocs\ProjetoPessoal\app\Controllers\Dashboard.php(31): view('DashboardFolder...', Array)
#3 C:\xampp\htdocs\ProjetoPessoal\system\CodeIgniter.php(825): App\Controllers\Dashboard->CadastroUsuario()
#4 C:\xampp\htdocs\ProjetoPessoal\system\CodeIgniter.php(412): CodeIgniter\CodeIgniter->runController(Object(App\Controllers\Dashboard))
#5 C:\xampp\htdocs\ProjetoPessoal\system\CodeIgniter.php(320): CodeIgniter\CodeIgniter->handleRequest(NULL, Object(Config\Cache), false)
#6 C:\xampp\htdocs\ProjetoPessoal\public\index.php(37): CodeIgniter\CodeIgniter->run()
#7 {main}
CRITICAL - 2022-05-11 14:27:39 --> syntax error, unexpected token "=>", expecting ")"
#0 C:\xampp\htdocs\ProjetoPessoal\system\View\View.php(213): CodeIgniter\View\View->CodeIgniter\View\{closure}()
#1 C:\xampp\htdocs\ProjetoPessoal\system\Common.php(1089): CodeIgniter\View\View->render('DashboardFolder...', Array, true)
#2 C:\xampp\htdocs\ProjetoPessoal\app\Controllers\Dashboard.php(31): view('DashboardFolder...', Array)
#3 C:\xampp\htdocs\ProjetoPessoal\system\CodeIgniter.php(825): App\Controllers\Dashboard->CadastroUsuario()
#4 C:\xampp\htdocs\ProjetoPessoal\system\CodeIgniter.php(412): CodeIgniter\CodeIgniter->runController(Object(App\Controllers\Dashboard))
#5 C:\xampp\htdocs\ProjetoPessoal\system\CodeIgniter.php(320): CodeIgniter\CodeIgniter->handleRequest(NULL, Object(Config\Cache), false)
#6 C:\xampp\htdocs\ProjetoPessoal\public\index.php(37): CodeIgniter\CodeIgniter->run()
#7 {main}
CRITICAL - 2022-05-11 14:30:08 --> Undefined variable $template
#0 C:\xampp\htdocs\ProjetoPessoal\app\Views\DashboardFolder\DashboardPages\DashboardCadastroUsuario.php(62): CodeIgniter\Debug\Exceptions->errorHandler(2, 'Undefined varia...', 'C:\\xampp\\htdocs...', 62)
#1 C:\xampp\htdocs\ProjetoPessoal\system\View\View.php(210): include('C:\\xampp\\htdocs...')
#2 C:\xampp\htdocs\ProjetoPessoal\system\View\View.php(213): CodeIgniter\View\View->CodeIgniter\View\{closure}()
#3 C:\xampp\htdocs\ProjetoPessoal\system\Common.php(1089): CodeIgniter\View\View->render('DashboardFolder...', Array, true)
#4 C:\xampp\htdocs\ProjetoPessoal\app\Controllers\Dashboard.php(31): view('DashboardFolder...', Array)
#5 C:\xampp\htdocs\ProjetoPessoal\system\CodeIgniter.php(825): App\Controllers\Dashboard->CadastroUsuario()
#6 C:\xampp\htdocs\ProjetoPessoal\system\CodeIgniter.php(412): CodeIgniter\CodeIgniter->runController(Object(App\Controllers\Dashboard))
#7 C:\xampp\htdocs\ProjetoPessoal\system\CodeIgniter.php(320): CodeIgniter\CodeIgniter->handleRequest(NULL, Object(Config\Cache), false)
#8 C:\xampp\htdocs\ProjetoPessoal\public\index.php(37): CodeIgniter\CodeIgniter->run()
#9 {main}
CRITICAL - 2022-05-11 14:30:25 --> Undefined variable $table
#0 C:\xampp\htdocs\ProjetoPessoal\app\Views\DashboardFolder\DashboardPages\DashboardCadastroUsuario.php(71): CodeIgniter\Debug\Exceptions->errorHandler(2, 'Undefined varia...', 'C:\\xampp\\htdocs...', 71)
#1 C:\xampp\htdocs\ProjetoPessoal\system\View\View.php(210): include('C:\\xampp\\htdocs...')
#2 C:\xampp\htdocs\ProjetoPessoal\system\View\View.php(213): CodeIgniter\View\View->CodeIgniter\View\{closure}()
#3 C:\xampp\htdocs\ProjetoPessoal\system\Common.php(1089): CodeIgniter\View\View->render('DashboardFolder...', Array, true)
#4 C:\xampp\htdocs\ProjetoPessoal\app\Controllers\Dashboard.php(31): view('DashboardFolder...', Array)
#5 C:\xampp\htdocs\ProjetoPessoal\system\CodeIgniter.php(825): App\Controllers\Dashboard->CadastroUsuario()
#6 C:\xampp\htdocs\ProjetoPessoal\system\CodeIgniter.php(412): CodeIgniter\CodeIgniter->runController(Object(App\Controllers\Dashboard))
#7 C:\xampp\htdocs\ProjetoPessoal\system\CodeIgniter.php(320): CodeIgniter\CodeIgniter->handleRequest(NULL, Object(Config\Cache), false)
#8 C:\xampp\htdocs\ProjetoPessoal\public\index.php(37): CodeIgniter\CodeIgniter->run()
#9 {main}
CRITICAL - 2022-05-11 15:12:50 --> Undefined variable $data
#0 C:\xampp\htdocs\ProjetoPessoal\app\Controllers\Dashboard.php(24): CodeIgniter\Debug\Exceptions->errorHandler(2, 'Undefined varia...', 'C:\\xampp\\htdocs...', 24)
#1 C:\xampp\htdocs\ProjetoPessoal\system\CodeIgniter.php(825): App\Controllers\Dashboard->CadastroUsuario()
#2 C:\xampp\htdocs\ProjetoPessoal\system\CodeIgniter.php(412): CodeIgniter\CodeIgniter->runController(Object(App\Controllers\Dashboard))
#3 C:\xampp\htdocs\ProjetoPessoal\system\CodeIgniter.php(320): CodeIgniter\CodeIgniter->handleRequest(NULL, Object(Config\Cache), false)
#4 C:\xampp\htdocs\ProjetoPessoal\public\index.php(37): CodeIgniter\CodeIgniter->run()
#5 {main}
