CRITICAL - 2022-05-04 20:22:05 --> The framework needs the following extension(s) installed and loaded: intl.
#0 C:\xampp\htdocs\ProjetoPessoal-main\system\CodeIgniter.php(219): CodeIgniter\Exceptions\FrameworkException::forMissingExtension('intl')
#1 C:\xampp\htdocs\ProjetoPessoal-main\system\CodeIgniter.php(177): CodeIgniter\CodeIgniter->resolvePlatformExtensions()
#2 C:\xampp\htdocs\ProjetoPessoal-main\system\bootstrap.php(146): CodeIgniter\CodeIgniter->initialize()
#3 C:\xampp\htdocs\ProjetoPessoal-main\public\index.php(28): require('C:\\xampp\\htdocs...')
#4 {main}
CRITICAL - 2022-05-04 20:23:50 --> The framework needs the following extension(s) installed and loaded: intl.
#0 C:\xampp\htdocs\ProjetoPessoal-main\system\CodeIgniter.php(219): CodeIgniter\Exceptions\FrameworkException::forMissingExtension('intl')
#1 C:\xampp\htdocs\ProjetoPessoal-main\system\CodeIgniter.php(177): CodeIgniter\CodeIgniter->resolvePlatformExtensions()
#2 C:\xampp\htdocs\ProjetoPessoal-main\system\bootstrap.php(146): CodeIgniter\CodeIgniter->initialize()
#3 C:\xampp\htdocs\ProjetoPessoal-main\public\index.php(28): require('C:\\xampp\\htdocs...')
#4 {main}
CRITICAL - 2022-05-04 20:23:51 --> The framework needs the following extension(s) installed and loaded: intl.
#0 C:\xampp\htdocs\ProjetoPessoal-main\system\CodeIgniter.php(219): CodeIgniter\Exceptions\FrameworkException::forMissingExtension('intl')
#1 C:\xampp\htdocs\ProjetoPessoal-main\system\CodeIgniter.php(177): CodeIgniter\CodeIgniter->resolvePlatformExtensions()
#2 C:\xampp\htdocs\ProjetoPessoal-main\system\bootstrap.php(146): CodeIgniter\CodeIgniter->initialize()
#3 C:\xampp\htdocs\ProjetoPessoal-main\public\index.php(28): require('C:\\xampp\\htdocs...')
#4 {main}
ERROR - 2022-05-04 13:26:45 --> Error connecting to the database: Unknown database 'projetologin'
CRITICAL - 2022-05-04 13:26:45 --> Unable to connect to the database.
Main connection [MySQLi]: Unknown database 'projetologin'
#0 C:\xampp\htdocs\ProjetoPessoal\system\Database\BaseConnection.php(577): CodeIgniter\Database\BaseConnection->initialize()
#1 C:\xampp\htdocs\ProjetoPessoal\system\Database\BaseBuilder.php(1455): CodeIgniter\Database\BaseConnection->query('SELECT *\nFROM `...', Array, false)
#2 C:\xampp\htdocs\ProjetoPessoal\system\Model.php(210): CodeIgniter\Database\BaseBuilder->get()
#3 C:\xampp\htdocs\ProjetoPessoal\system\BaseModel.php(622): CodeIgniter\Model->doFirst()
#4 C:\xampp\htdocs\ProjetoPessoal\app\Controllers\Login.php(25): CodeIgniter\BaseModel->first()
#5 C:\xampp\htdocs\ProjetoPessoal\system\CodeIgniter.php(825): App\Controllers\Login->VerificaLogin()
#6 C:\xampp\htdocs\ProjetoPessoal\system\CodeIgniter.php(412): CodeIgniter\CodeIgniter->runController(Object(App\Controllers\Login))
#7 C:\xampp\htdocs\ProjetoPessoal\system\CodeIgniter.php(320): CodeIgniter\CodeIgniter->handleRequest(NULL, Object(Config\Cache), false)
#8 C:\xampp\htdocs\ProjetoPessoal\public\index.php(37): CodeIgniter\CodeIgniter->run()
#9 {main}
ERROR - 2022-05-04 13:40:32 --> Error connecting to the database: Unknown database 'projetologin'
CRITICAL - 2022-05-04 13:40:32 --> Unable to connect to the database.
Main connection [MySQLi]: Unknown database 'projetologin'
#0 C:\xampp\htdocs\ProjetoPessoal\system\Database\BaseConnection.php(577): CodeIgniter\Database\BaseConnection->initialize()
#1 C:\xampp\htdocs\ProjetoPessoal\system\Database\BaseBuilder.php(1455): CodeIgniter\Database\BaseConnection->query('SELECT *\nFROM `...', Array, false)
#2 C:\xampp\htdocs\ProjetoPessoal\system\Model.php(210): CodeIgniter\Database\BaseBuilder->get()
#3 C:\xampp\htdocs\ProjetoPessoal\system\BaseModel.php(622): CodeIgniter\Model->doFirst()
#4 C:\xampp\htdocs\ProjetoPessoal\app\Controllers\Login.php(25): CodeIgniter\BaseModel->first()
#5 C:\xampp\htdocs\ProjetoPessoal\system\CodeIgniter.php(825): App\Controllers\Login->VerificaLogin()
#6 C:\xampp\htdocs\ProjetoPessoal\system\CodeIgniter.php(412): CodeIgniter\CodeIgniter->runController(Object(App\Controllers\Login))
#7 C:\xampp\htdocs\ProjetoPessoal\system\CodeIgniter.php(320): CodeIgniter\CodeIgniter->handleRequest(NULL, Object(Config\Cache), false)
#8 C:\xampp\htdocs\ProjetoPessoal\public\index.php(37): CodeIgniter\CodeIgniter->run()
#9 {main}
